INFO:     Started server process [20872]
INFO:     Waiting for application startup.
INFO:     Application startup complete.
INFO:     Uvicorn running on http://0.0.0.0:8000 (Press CTRL+C to quit)
2026-04-14 00:43:22,702 [INFO] gesture: Gesture IPC listener on port 52969
2026-04-14 00:43:22,971 [INFO] gesture.worker: Connecting to server on 127.0.0.1:52969 ...
2026-04-14 00:43:22,976 [INFO] gesture.worker: Connected.
2026-04-14 00:43:22,976 [INFO] gesture: Gesture worker connected.
2026-04-14 00:43:22,976 [INFO] main: Gesture detection and agent engine started.
INFO:     127.0.0.1:52968 - "POST /start HTTP/1.1" 200 OK
2026-04-14 00:43:23,098 [INFO] gesture.worker: Opening camera (attempt 1/3)...
2026-04-14 00:43:35,017 [INFO] gesture.worker: Warming up camera...
[ WARN:0@13.232] global cap_msmf.cpp:477 `anonymous-namespace'::SourceReaderCB::OnReadSample videoio(MSMF): OnReadSample() is called with error status: -1072875819
[ WARN:0@13.232] global cap_msmf.cpp:488 `anonymous-namespace'::SourceReaderCB::OnReadSample videoio(MSMF): async ReadSample() call is failed with error status: -1072875819
[ WARN:1@13.232] global cap_msmf.cpp:1815 CvCapture_MSMF::grabFrame videoio(MSMF): can't grab frame. Error: -1072875819
[ WARN:1@13.333] global cap_msmf.cpp:1815 CvCapture_MSMF::grabFrame videoio(MSMF): can't grab frame. Error: -1072875819
[ WARN:1@13.433] global cap_msmf.cpp:1815 CvCapture_MSMF::grabFrame videoio(MSMF): can't grab frame. Error: -1072875819
[ WARN:1@13.533] global cap_msmf.cpp:1815 CvCapture_MSMF::grabFrame videoio(MSMF): can't grab frame. Error: -1072875819
[ WARN:1@13.634] global cap_msmf.cpp:1815 CvCapture_MSMF::grabFrame videoio(MSMF): can't grab frame. Error: -1072875819
[ WARN:1@13.734] global cap_msmf.cpp:1815 CvCapture_MSMF::grabFrame videoio(MSMF): can't grab frame. Error: -1072875819
[ WARN:1@13.834] global cap_msmf.cpp:1815 CvCapture_MSMF::grabFrame videoio(MSMF): can't grab frame. Error: -1072875819
[ WARN:1@13.934] global cap_msmf.cpp:1815 CvCapture_MSMF::grabFrame videoio(MSMF): can't grab frame. Error: -1072875819
[ WARN:1@14.035] global cap_msmf.cpp:1815 CvCapture_MSMF::grabFrame videoio(MSMF): can't grab frame. Error: -1072875819
[ WARN:1@14.135] global cap_msmf.cpp:1815 CvCapture_MSMF::grabFrame videoio(MSMF): can't grab frame. Error: -1072875819
[ WARN:1@14.235] global cap_msmf.cpp:1815 CvCapture_MSMF::grabFrame videoio(MSMF): can't grab frame. Error: -1072875819
[ WARN:1@14.336] global cap_msmf.cpp:1815 CvCapture_MSMF::grabFrame videoio(MSMF): can't grab frame. Error: -1072875819
[ WARN:1@14.436] global cap_msmf.cpp:1815 CvCapture_MSMF::grabFrame videoio(MSMF): can't grab frame. Error: -1072875819
[ WARN:1@14.537] global cap_msmf.cpp:1815 CvCapture_MSMF::grabFrame videoio(MSMF): can't grab frame. Error: -1072875819
[ WARN:1@14.637] global cap_msmf.cpp:1815 CvCapture_MSMF::grabFrame videoio(MSMF): can't grab frame. Error: -1072875819
[ WARN:1@14.737] global cap_msmf.cpp:1815 CvCapture_MSMF::grabFrame videoio(MSMF): can't grab frame. Error: -1072875819
[ WARN:1@14.838] global cap_msmf.cpp:1815 CvCapture_MSMF::grabFrame videoio(MSMF): can't grab frame. Error: -1072875819
[ WARN:1@14.938] global cap_msmf.cpp:1815 CvCapture_MSMF::grabFrame videoio(MSMF): can't grab frame. Error: -1072875819
[ WARN:1@15.039] global cap_msmf.cpp:1815 CvCapture_MSMF::grabFrame videoio(MSMF): can't grab frame. Error: -1072875819
[ WARN:1@15.139] global cap_msmf.cpp:1815 CvCapture_MSMF::grabFrame videoio(MSMF): can't grab frame. Error: -1072875819
[ WARN:1@15.239] global cap_msmf.cpp:1815 CvCapture_MSMF::grabFrame videoio(MSMF): can't grab frame. Error: -1072875819
[ WARN:1@15.339] global cap_msmf.cpp:1815 CvCapture_MSMF::grabFrame videoio(MSMF): can't grab frame. Error: -1072875819
[ WARN:1@15.440] global cap_msmf.cpp:1815 CvCapture_MSMF::grabFrame videoio(MSMF): can't grab frame. Error: -1072875819
[ WARN:1@15.540] global cap_msmf.cpp:1815 CvCapture_MSMF::grabFrame videoio(MSMF): can't grab frame. Error: -1072875819
[ WARN:1@15.641] global cap_msmf.cpp:1815 CvCapture_MSMF::grabFrame videoio(MSMF): can't grab frame. Error: -1072875819
[ WARN:1@15.741] global cap_msmf.cpp:1815 CvCapture_MSMF::grabFrame videoio(MSMF): can't grab frame. Error: -1072875819
[ WARN:1@15.842] global cap_msmf.cpp:1815 CvCapture_MSMF::grabFrame videoio(MSMF): can't grab frame. Error: -1072875819
[ WARN:1@15.942] global cap_msmf.cpp:1815 CvCapture_MSMF::grabFrame videoio(MSMF): can't grab frame. Error: -1072875819
[ WARN:1@16.043] global cap_msmf.cpp:1815 CvCapture_MSMF::grabFrame videoio(MSMF): can't grab frame. Error: -1072875819
[ WARN:1@16.143] global cap_msmf.cpp:1815 CvCapture_MSMF::grabFrame videoio(MSMF): can't grab frame. Error: -1072875819
[ WARN:1@16.243] global cap_msmf.cpp:1815 CvCapture_MSMF::grabFrame videoio(MSMF): can't grab frame. Error: -1072875819
[ WARN:1@16.344] global cap_msmf.cpp:1815 CvCapture_MSMF::grabFrame videoio(MSMF): can't grab frame. Error: -1072875819
[ WARN:1@16.444] global cap_msmf.cpp:1815 CvCapture_MSMF::grabFrame videoio(MSMF): can't grab frame. Error: -1072875819
[ WARN:1@16.544] global cap_msmf.cpp:1815 CvCapture_MSMF::grabFrame videoio(MSMF): can't grab frame. Error: -1072875819
[ WARN:1@16.645] global cap_msmf.cpp:1815 CvCapture_MSMF::grabFrame videoio(MSMF): can't grab frame. Error: -1072875819
[ WARN:1@16.745] global cap_msmf.cpp:1815 CvCapture_MSMF::grabFrame videoio(MSMF): can't grab frame. Error: -1072875819
[ WARN:1@16.845] global cap_msmf.cpp:1815 CvCapture_MSMF::grabFrame videoio(MSMF): can't grab frame. Error: -1072875819
[ WARN:1@16.946] global cap_msmf.cpp:1815 CvCapture_MSMF::grabFrame videoio(MSMF): can't grab frame. Error: -1072875819
[ WARN:1@17.046] global cap_msmf.cpp:1815 CvCapture_MSMF::grabFrame videoio(MSMF): can't grab frame. Error: -1072875819
[ WARN:1@17.146] global cap_msmf.cpp:1815 CvCapture_MSMF::grabFrame videoio(MSMF): can't grab frame. Error: -1072875819
[ WARN:1@17.247] global cap_msmf.cpp:1815 CvCapture_MSMF::grabFrame videoio(MSMF): can't grab frame. Error: -1072875819
[ WARN:1@17.347] global cap_msmf.cpp:1815 CvCapture_MSMF::grabFrame videoio(MSMF): can't grab frame. Error: -1072875819
[ WARN:1@17.448] global cap_msmf.cpp:1815 CvCapture_MSMF::grabFrame videoio(MSMF): can't grab frame. Error: -1072875819
[ WARN:1@17.549] global cap_msmf.cpp:1815 CvCapture_MSMF::grabFrame videoio(MSMF): can't grab frame. Error: -1072875819
[ WARN:1@17.649] global cap_msmf.cpp:1815 CvCapture_MSMF::grabFrame videoio(MSMF): can't grab frame. Error: -1072875819
[ WARN:1@17.750] global cap_msmf.cpp:1815 CvCapture_MSMF::grabFrame videoio(MSMF): can't grab frame. Error: -1072875819
[ WARN:1@17.850] global cap_msmf.cpp:1815 CvCapture_MSMF::grabFrame videoio(MSMF): can't grab frame. Error: -1072875819
[ WARN:1@17.950] global cap_msmf.cpp:1815 CvCapture_MSMF::grabFrame videoio(MSMF): can't grab frame. Error: -1072875819
[ WARN:1@18.051] global cap_msmf.cpp:1815 CvCapture_MSMF::grabFrame videoio(MSMF): can't grab frame. Error: -1072875819
[ WARN:1@18.151] global cap_msmf.cpp:1815 CvCapture_MSMF::grabFrame videoio(MSMF): can't grab frame. Error: -1072875819
[ WARN:1@18.251] global cap_msmf.cpp:1815 CvCapture_MSMF::grabFrame videoio(MSMF): can't grab frame. Error: -1072875819
[ WARN:1@18.351] global cap_msmf.cpp:1815 CvCapture_MSMF::grabFrame videoio(MSMF): can't grab frame. Error: -1072875819
[ WARN:1@18.452] global cap_msmf.cpp:1815 CvCapture_MSMF::grabFrame videoio(MSMF): can't grab frame. Error: -1072875819
[ WARN:1@18.553] global cap_msmf.cpp:1815 CvCapture_MSMF::grabFrame videoio(MSMF): can't grab frame. Error: -1072875819
[ WARN:1@18.653] global cap_msmf.cpp:1815 CvCapture_MSMF::grabFrame videoio(MSMF): can't grab frame. Error: -1072875819
[ WARN:1@18.753] global cap_msmf.cpp:1815 CvCapture_MSMF::grabFrame videoio(MSMF): can't grab frame. Error: -1072875819
[ WARN:1@18.854] global cap_msmf.cpp:1815 CvCapture_MSMF::grabFrame videoio(MSMF): can't grab frame. Error: -1072875819
[ WARN:1@18.954] global cap_msmf.cpp:1815 CvCapture_MSMF::grabFrame videoio(MSMF): can't grab frame. Error: -1072875819
[ WARN:1@19.055] global cap_msmf.cpp:1815 CvCapture_MSMF::grabFrame videoio(MSMF): can't grab frame. Error: -1072875819
[ WARN:1@19.155] global cap_msmf.cpp:1815 CvCapture_MSMF::grabFrame videoio(MSMF): can't grab frame. Error: -1072875819
[ WARN:1@19.256] global cap_msmf.cpp:1815 CvCapture_MSMF::grabFrame videoio(MSMF): can't grab frame. Error: -1072875819
[ WARN:1@19.356] global cap_msmf.cpp:1815 CvCapture_MSMF::grabFrame videoio(MSMF): can't grab frame. Error: -1072875819
[ WARN:1@19.457] global cap_msmf.cpp:1815 CvCapture_MSMF::grabFrame videoio(MSMF): can't grab frame. Error: -1072875819
[ WARN:1@19.557] global cap_msmf.cpp:1815 CvCapture_MSMF::grabFrame videoio(MSMF): can't grab frame. Error: -1072875819
[ WARN:1@19.657] global cap_msmf.cpp:1815 CvCapture_MSMF::grabFrame videoio(MSMF): can't grab frame. Error: -1072875819
[ WARN:1@19.758] global cap_msmf.cpp:1815 CvCapture_MSMF::grabFrame videoio(MSMF): can't grab frame. Error: -1072875819
[ WARN:1@19.858] global cap_msmf.cpp:1815 CvCapture_MSMF::grabFrame videoio(MSMF): can't grab frame. Error: -1072875819
[ WARN:1@19.959] global cap_msmf.cpp:1815 CvCapture_MSMF::grabFrame videoio(MSMF): can't grab frame. Error: -1072875819
[ WARN:1@20.059] global cap_msmf.cpp:1815 CvCapture_MSMF::grabFrame videoio(MSMF): can't grab frame. Error: -1072875819
[ WARN:1@20.159] global cap_msmf.cpp:1815 CvCapture_MSMF::grabFrame videoio(MSMF): can't grab frame. Error: -1072875819
[ WARN:1@20.260] global cap_msmf.cpp:1815 CvCapture_MSMF::grabFrame videoio(MSMF): can't grab frame. Error: -1072875819
[ WARN:1@20.360] global cap_msmf.cpp:1815 CvCapture_MSMF::grabFrame videoio(MSMF): can't grab frame. Error: -1072875819
[ WARN:1@20.460] global cap_msmf.cpp:1815 CvCapture_MSMF::grabFrame videoio(MSMF): can't grab frame. Error: -1072875819
[ WARN:1@20.560] global cap_msmf.cpp:1815 CvCapture_MSMF::grabFrame videoio(MSMF): can't grab frame. Error: -1072875819
[ WARN:1@20.661] global cap_msmf.cpp:1815 CvCapture_MSMF::grabFrame videoio(MSMF): can't grab frame. Error: -1072875819
[ WARN:1@20.761] global cap_msmf.cpp:1815 CvCapture_MSMF::grabFrame videoio(MSMF): can't grab frame. Error: -1072875819
[ WARN:1@20.862] global cap_msmf.cpp:1815 CvCapture_MSMF::grabFrame videoio(MSMF): can't grab frame. Error: -1072875819
[ WARN:1@20.962] global cap_msmf.cpp:1815 CvCapture_MSMF::grabFrame videoio(MSMF): can't grab frame. Error: -1072875819
[ WARN:1@21.063] global cap_msmf.cpp:1815 CvCapture_MSMF::grabFrame videoio(MSMF): can't grab frame. Error: -1072875819
[ WARN:1@21.163] global cap_msmf.cpp:1815 CvCapture_MSMF::grabFrame videoio(MSMF): can't grab frame. Error: -1072875819
[ WARN:1@21.264] global cap_msmf.cpp:1815 CvCapture_MSMF::grabFrame videoio(MSMF): can't grab frame. Error: -1072875819
[ WARN:1@21.364] global cap_msmf.cpp:1815 CvCapture_MSMF::grabFrame videoio(MSMF): can't grab frame. Error: -1072875819
[ WARN:1@21.464] global cap_msmf.cpp:1815 CvCapture_MSMF::grabFrame videoio(MSMF): can't grab frame. Error: -1072875819
[ WARN:1@21.564] global cap_msmf.cpp:1815 CvCapture_MSMF::grabFrame videoio(MSMF): can't grab frame. Error: -1072875819
[ WARN:1@21.665] global cap_msmf.cpp:1815 CvCapture_MSMF::grabFrame videoio(MSMF): can't grab frame. Error: -1072875819
[ WARN:1@21.765] global cap_msmf.cpp:1815 CvCapture_MSMF::grabFrame videoio(MSMF): can't grab frame. Error: -1072875819
[ WARN:1@21.865] global cap_msmf.cpp:1815 CvCapture_MSMF::grabFrame videoio(MSMF): can't grab frame. Error: -1072875819
[ WARN:1@21.966] global cap_msmf.cpp:1815 CvCapture_MSMF::grabFrame videoio(MSMF): can't grab frame. Error: -1072875819
[ WARN:1@22.066] global cap_msmf.cpp:1815 CvCapture_MSMF::grabFrame videoio(MSMF): can't grab frame. Error: -1072875819
[ WARN:1@22.167] global cap_msmf.cpp:1815 CvCapture_MSMF::grabFrame videoio(MSMF): can't grab frame. Error: -1072875819
[ WARN:1@22.267] global cap_msmf.cpp:1815 CvCapture_MSMF::grabFrame videoio(MSMF): can't grab frame. Error: -1072875819
[ WARN:1@22.367] global cap_msmf.cpp:1815 CvCapture_MSMF::grabFrame videoio(MSMF): can't grab frame. Error: -1072875819
[ WARN:1@22.468] global cap_msmf.cpp:1815 CvCapture_MSMF::grabFrame videoio(MSMF): can't grab frame. Error: -1072875819
[ WARN:1@22.568] global cap_msmf.cpp:1815 CvCapture_MSMF::grabFrame videoio(MSMF): can't grab frame. Error: -1072875819
[ WARN:1@22.669] global cap_msmf.cpp:1815 CvCapture_MSMF::grabFrame videoio(MSMF): can't grab frame. Error: -1072875819
[ WARN:1@22.769] global cap_msmf.cpp:1815 CvCapture_MSMF::grabFrame videoio(MSMF): can't grab frame. Error: -1072875819
[ WARN:1@22.869] global cap_msmf.cpp:1815 CvCapture_MSMF::grabFrame videoio(MSMF): can't grab frame. Error: -1072875819
[ WARN:1@22.969] global cap_msmf.cpp:1815 CvCapture_MSMF::grabFrame videoio(MSMF): can't grab frame. Error: -1072875819
[ WARN:1@23.070] global cap_msmf.cpp:1815 CvCapture_MSMF::grabFrame videoio(MSMF): can't grab frame. Error: -1072875819
[ WARN:1@23.170] global cap_msmf.cpp:1815 CvCapture_MSMF::grabFrame videoio(MSMF): can't grab frame. Error: -1072875819
[ WARN:1@23.270] global cap_msmf.cpp:1815 CvCapture_MSMF::grabFrame videoio(MSMF): can't grab frame. Error: -1072875819
[ WARN:1@23.371] global cap_msmf.cpp:1815 CvCapture_MSMF::grabFrame videoio(MSMF): can't grab frame. Error: -1072875819
[ WARN:1@23.471] global cap_msmf.cpp:1815 CvCapture_MSMF::grabFrame videoio(MSMF): can't grab frame. Error: -1072875819
[ WARN:1@23.572] global cap_msmf.cpp:1815 CvCapture_MSMF::grabFrame videoio(MSMF): can't grab frame. Error: -1072875819
[ WARN:1@23.672] global cap_msmf.cpp:1815 CvCapture_MSMF::grabFrame videoio(MSMF): can't grab frame. Error: -1072875819
[ WARN:1@23.773] global cap_msmf.cpp:1815 CvCapture_MSMF::grabFrame videoio(MSMF): can't grab frame. Error: -1072875819
[ WARN:1@23.873] global cap_msmf.cpp:1815 CvCapture_MSMF::grabFrame videoio(MSMF): can't grab frame. Error: -1072875819
[ WARN:1@23.973] global cap_msmf.cpp:1815 CvCapture_MSMF::grabFrame videoio(MSMF): can't grab frame. Error: -1072875819
[ WARN:1@24.074] global cap_msmf.cpp:1815 CvCapture_MSMF::grabFrame videoio(MSMF): can't grab frame. Error: -1072875819
[ WARN:1@24.174] global cap_msmf.cpp:1815 CvCapture_MSMF::grabFrame videoio(MSMF): can't grab frame. Error: -1072875819
[ WARN:1@24.275] global cap_msmf.cpp:1815 CvCapture_MSMF::grabFrame videoio(MSMF): can't grab frame. Error: -1072875819
[ WARN:1@24.375] global cap_msmf.cpp:1815 CvCapture_MSMF::grabFrame videoio(MSMF): can't grab frame. Error: -1072875819
[ WARN:1@24.476] global cap_msmf.cpp:1815 CvCapture_MSMF::grabFrame videoio(MSMF): can't grab frame. Error: -1072875819
[ WARN:1@24.576] global cap_msmf.cpp:1815 CvCapture_MSMF::grabFrame videoio(MSMF): can't grab frame. Error: -1072875819
[ WARN:1@24.676] global cap_msmf.cpp:1815 CvCapture_MSMF::grabFrame videoio(MSMF): can't grab frame. Error: -1072875819
[ WARN:1@24.777] global cap_msmf.cpp:1815 CvCapture_MSMF::grabFrame videoio(MSMF): can't grab frame. Error: -1072875819
[ WARN:1@24.877] global cap_msmf.cpp:1815 CvCapture_MSMF::grabFrame videoio(MSMF): can't grab frame. Error: -1072875819
[ WARN:1@24.978] global cap_msmf.cpp:1815 CvCapture_MSMF::grabFrame videoio(MSMF): can't grab frame. Error: -1072875819
[ WARN:1@25.078] global cap_msmf.cpp:1815 CvCapture_MSMF::grabFrame videoio(MSMF): can't grab frame. Error: -1072875819
[ WARN:1@25.179] global cap_msmf.cpp:1815 CvCapture_MSMF::grabFrame videoio(MSMF): can't grab frame. Error: -1072875819
[ WARN:1@25.279] global cap_msmf.cpp:1815 CvCapture_MSMF::grabFrame videoio(MSMF): can't grab frame. Error: -1072875819
[ WARN:1@25.380] global cap_msmf.cpp:1815 CvCapture_MSMF::grabFrame videoio(MSMF): can't grab frame. Error: -1072875819
[ WARN:1@25.480] global cap_msmf.cpp:1815 CvCapture_MSMF::grabFrame videoio(MSMF): can't grab frame. Error: -1072875819
[ WARN:1@25.581] global cap_msmf.cpp:1815 CvCapture_MSMF::grabFrame videoio(MSMF): can't grab frame. Error: -1072875819
[ WARN:1@25.681] global cap_msmf.cpp:1815 CvCapture_MSMF::grabFrame videoio(MSMF): can't grab frame. Error: -1072875819
[ WARN:1@25.781] global cap_msmf.cpp:1815 CvCapture_MSMF::grabFrame videoio(MSMF): can't grab frame. Error: -1072875819
[ WARN:1@25.882] global cap_msmf.cpp:1815 CvCapture_MSMF::grabFrame videoio(MSMF): can't grab frame. Error: -1072875819
[ WARN:1@25.982] global cap_msmf.cpp:1815 CvCapture_MSMF::grabFrame videoio(MSMF): can't grab frame. Error: -1072875819
[ WARN:1@26.083] global cap_msmf.cpp:1815 CvCapture_MSMF::grabFrame videoio(MSMF): can't grab frame. Error: -1072875819
[ WARN:1@26.183] global cap_msmf.cpp:1815 CvCapture_MSMF::grabFrame videoio(MSMF): can't grab frame. Error: -1072875819
[ WARN:1@26.283] global cap_msmf.cpp:1815 CvCapture_MSMF::grabFrame videoio(MSMF): can't grab frame. Error: -1072875819
[ WARN:1@26.384] global cap_msmf.cpp:1815 CvCapture_MSMF::grabFrame videoio(MSMF): can't grab frame. Error: -1072875819
[ WARN:1@26.484] global cap_msmf.cpp:1815 CvCapture_MSMF::grabFrame videoio(MSMF): can't grab frame. Error: -1072875819
[ WARN:1@26.584] global cap_msmf.cpp:1815 CvCapture_MSMF::grabFrame videoio(MSMF): can't grab frame. Error: -1072875819
[ WARN:1@26.685] global cap_msmf.cpp:1815 CvCapture_MSMF::grabFrame videoio(MSMF): can't grab frame. Error: -1072875819
[ WARN:1@26.785] global cap_msmf.cpp:1815 CvCapture_MSMF::grabFrame videoio(MSMF): can't grab frame. Error: -1072875819
[ WARN:1@26.886] global cap_msmf.cpp:1815 CvCapture_MSMF::grabFrame videoio(MSMF): can't grab frame. Error: -1072875819
[ WARN:1@26.986] global cap_msmf.cpp:1815 CvCapture_MSMF::grabFrame videoio(MSMF): can't grab frame. Error: -1072875819
[ WARN:1@27.086] global cap_msmf.cpp:1815 CvCapture_MSMF::grabFrame videoio(MSMF): can't grab frame. Error: -1072875819
[ WARN:1@27.187] global cap_msmf.cpp:1815 CvCapture_MSMF::grabFrame videoio(MSMF): can't grab frame. Error: -1072875819
[ WARN:1@27.287] global cap_msmf.cpp:1815 CvCapture_MSMF::grabFrame videoio(MSMF): can't grab frame. Error: -1072875819
[ WARN:1@27.387] global cap_msmf.cpp:1815 CvCapture_MSMF::grabFrame videoio(MSMF): can't grab frame. Error: -1072875819
[ WARN:1@27.488] global cap_msmf.cpp:1815 CvCapture_MSMF::grabFrame videoio(MSMF): can't grab frame. Error: -1072875819
[ WARN:1@27.588] global cap_msmf.cpp:1815 CvCapture_MSMF::grabFrame videoio(MSMF): can't grab frame. Error: -1072875819
[ WARN:1@27.689] global cap_msmf.cpp:1815 CvCapture_MSMF::grabFrame videoio(MSMF): can't grab frame. Error: -1072875819
[ WARN:1@27.789] global cap_msmf.cpp:1815 CvCapture_MSMF::grabFrame videoio(MSMF): can't grab frame. Error: -1072875819
[ WARN:1@27.889] global cap_msmf.cpp:1815 CvCapture_MSMF::grabFrame videoio(MSMF): can't grab frame. Error: -1072875819
[ WARN:1@27.989] global cap_msmf.cpp:1815 CvCapture_MSMF::grabFrame videoio(MSMF): can't grab frame. Error: -1072875819
[ WARN:1@28.090] global cap_msmf.cpp:1815 CvCapture_MSMF::grabFrame videoio(MSMF): can't grab frame. Error: -1072875819
[ WARN:1@28.190] global cap_msmf.cpp:1815 CvCapture_MSMF::grabFrame videoio(MSMF): can't grab frame. Error: -1072875819
[ WARN:1@28.290] global cap_msmf.cpp:1815 CvCapture_MSMF::grabFrame videoio(MSMF): can't grab frame. Error: -1072875819
[ WARN:1@28.391] global cap_msmf.cpp:1815 CvCapture_MSMF::grabFrame videoio(MSMF): can't grab frame. Error: -1072875819
[ WARN:1@28.491] global cap_msmf.cpp:1815 CvCapture_MSMF::grabFrame videoio(MSMF): can't grab frame. Error: -1072875819
[ WARN:1@28.592] global cap_msmf.cpp:1815 CvCapture_MSMF::grabFrame videoio(MSMF): can't grab frame. Error: -1072875819
[ WARN:1@28.692] global cap_msmf.cpp:1815 CvCapture_MSMF::grabFrame videoio(MSMF): can't grab frame. Error: -1072875819
[ WARN:1@28.792] global cap_msmf.cpp:1815 CvCapture_MSMF::grabFrame videoio(MSMF): can't grab frame. Error: -1072875819
[ WARN:1@28.893] global cap_msmf.cpp:1815 CvCapture_MSMF::grabFrame videoio(MSMF): can't grab frame. Error: -1072875819
[ WARN:1@28.993] global cap_msmf.cpp:1815 CvCapture_MSMF::grabFrame videoio(MSMF): can't grab frame. Error: -1072875819
[ WARN:1@29.094] global cap_msmf.cpp:1815 CvCapture_MSMF::grabFrame videoio(MSMF): can't grab frame. Error: -1072875819
[ WARN:1@29.194] global cap_msmf.cpp:1815 CvCapture_MSMF::grabFrame videoio(MSMF): can't grab frame. Error: -1072875819
[ WARN:1@29.294] global cap_msmf.cpp:1815 CvCapture_MSMF::grabFrame videoio(MSMF): can't grab frame. Error: -1072875819
[ WARN:1@29.395] global cap_msmf.cpp:1815 CvCapture_MSMF::grabFrame videoio(MSMF): can't grab frame. Error: -1072875819
[ WARN:1@29.495] global cap_msmf.cpp:1815 CvCapture_MSMF::grabFrame videoio(MSMF): can't grab frame. Error: -1072875819
[ WARN:1@29.596] global cap_msmf.cpp:1815 CvCapture_MSMF::grabFrame videoio(MSMF): can't grab frame. Error: -1072875819
[ WARN:1@29.696] global cap_msmf.cpp:1815 CvCapture_MSMF::grabFrame videoio(MSMF): can't grab frame. Error: -1072875819
[ WARN:1@29.797] global cap_msmf.cpp:1815 CvCapture_MSMF::grabFrame videoio(MSMF): can't grab frame. Error: -1072875819
[ WARN:1@29.897] global cap_msmf.cpp:1815 CvCapture_MSMF::grabFrame videoio(MSMF): can't grab frame. Error: -1072875819
[ WARN:1@29.997] global cap_msmf.cpp:1815 CvCapture_MSMF::grabFrame videoio(MSMF): can't grab frame. Error: -1072875819
[ WARN:1@30.098] global cap_msmf.cpp:1815 CvCapture_MSMF::grabFrame videoio(MSMF): can't grab frame. Error: -1072875819
[ WARN:1@30.198] global cap_msmf.cpp:1815 CvCapture_MSMF::grabFrame videoio(MSMF): can't grab frame. Error: -1072875819
[ WARN:1@30.299] global cap_msmf.cpp:1815 CvCapture_MSMF::grabFrame videoio(MSMF): can't grab frame. Error: -1072875819
[ WARN:1@30.399] global cap_msmf.cpp:1815 CvCapture_MSMF::grabFrame videoio(MSMF): can't grab frame. Error: -1072875819
[ WARN:1@30.500] global cap_msmf.cpp:1815 CvCapture_MSMF::grabFrame videoio(MSMF): can't grab frame. Error: -1072875819
[ WARN:1@30.600] global cap_msmf.cpp:1815 CvCapture_MSMF::grabFrame videoio(MSMF): can't grab frame. Error: -1072875819
[ WARN:1@30.700] global cap_msmf.cpp:1815 CvCapture_MSMF::grabFrame videoio(MSMF): can't grab frame. Error: -1072875819
[ WARN:1@30.801] global cap_msmf.cpp:1815 CvCapture_MSMF::grabFrame videoio(MSMF): can't grab frame. Error: -1072875819
[ WARN:1@30.901] global cap_msmf.cpp:1815 CvCapture_MSMF::grabFrame videoio(MSMF): can't grab frame. Error: -1072875819
[ WARN:1@31.001] global cap_msmf.cpp:1815 CvCapture_MSMF::grabFrame videoio(MSMF): can't grab frame. Error: -1072875819
[ WARN:1@31.102] global cap_msmf.cpp:1815 CvCapture_MSMF::grabFrame videoio(MSMF): can't grab frame. Error: -1072875819
[ WARN:1@31.202] global cap_msmf.cpp:1815 CvCapture_MSMF::grabFrame videoio(MSMF): can't grab frame. Error: -1072875819
[ WARN:1@31.302] global cap_msmf.cpp:1815 CvCapture_MSMF::grabFrame videoio(MSMF): can't grab frame. Error: -1072875819
[ WARN:1@31.403] global cap_msmf.cpp:1815 CvCapture_MSMF::grabFrame videoio(MSMF): can't grab frame. Error: -1072875819
[ WARN:1@31.503] global cap_msmf.cpp:1815 CvCapture_MSMF::grabFrame videoio(MSMF): can't grab frame. Error: -1072875819
[ WARN:1@31.603] global cap_msmf.cpp:1815 CvCapture_MSMF::grabFrame videoio(MSMF): can't grab frame. Error: -1072875819
[ WARN:1@31.704] global cap_msmf.cpp:1815 CvCapture_MSMF::grabFrame videoio(MSMF): can't grab frame. Error: -1072875819
[ WARN:1@31.804] global cap_msmf.cpp:1815 CvCapture_MSMF::grabFrame videoio(MSMF): can't grab frame. Error: -1072875819
[ WARN:1@31.904] global cap_msmf.cpp:1815 CvCapture_MSMF::grabFrame videoio(MSMF): can't grab frame. Error: -1072875819
2026-04-14 00:43:55,061 [INFO] gesture.worker: Camera did not deliver frames — releasing and retrying in 3 s...
2026-04-14 00:43:58,566 [INFO] gesture.worker: Opening camera (attempt 2/3)...
2026-04-14 00:44:10,538 [INFO] gesture.worker: Warming up camera...
[ WARN:2@48.752] global cap_msmf.cpp:477 `anonymous-namespace'::SourceReaderCB::OnReadSample videoio(MSMF): OnReadSample() is called with error status: -1072875819
[ WARN:2@48.753] global cap_msmf.cpp:488 `anonymous-namespace'::SourceReaderCB::OnReadSample videoio(MSMF): async ReadSample() call is failed with error status: -1072875819
[ WARN:1@48.753] global cap_msmf.cpp:1815 CvCapture_MSMF::grabFrame videoio(MSMF): can't grab frame. Error: -1072875819
[ WARN:1@48.853] global cap_msmf.cpp:1815 CvCapture_MSMF::grabFrame videoio(MSMF): can't grab frame. Error: -1072875819
[ WARN:1@48.954] global cap_msmf.cpp:1815 CvCapture_MSMF::grabFrame videoio(MSMF): can't grab frame. Error: -1072875819
[ WARN:1@49.054] global cap_msmf.cpp:1815 CvCapture_MSMF::grabFrame videoio(MSMF): can't grab frame. Error: -1072875819
[ WARN:1@49.154] global cap_msmf.cpp:1815 CvCapture_MSMF::grabFrame videoio(MSMF): can't grab frame. Error: -1072875819
[ WARN:1@49.255] global cap_msmf.cpp:1815 CvCapture_MSMF::grabFrame videoio(MSMF): can't grab frame. Error: -1072875819
[ WARN:1@49.355] global cap_msmf.cpp:1815 CvCapture_MSMF::grabFrame videoio(MSMF): can't grab frame. Error: -1072875819
[ WARN:1@49.455] global cap_msmf.cpp:1815 CvCapture_MSMF::grabFrame videoio(MSMF): can't grab frame. Error: -1072875819
[ WARN:1@49.555] global cap_msmf.cpp:1815 CvCapture_MSMF::grabFrame videoio(MSMF): can't grab frame. Error: -1072875819
[ WARN:1@49.656] global cap_msmf.cpp:1815 CvCapture_MSMF::grabFrame videoio(MSMF): can't grab frame. Error: -1072875819
[ WARN:1@49.756] global cap_msmf.cpp:1815 CvCapture_MSMF::grabFrame videoio(MSMF): can't grab frame. Error: -1072875819
[ WARN:1@49.857] global cap_msmf.cpp:1815 CvCapture_MSMF::grabFrame videoio(MSMF): can't grab frame. Error: -1072875819
[ WARN:1@49.957] global cap_msmf.cpp:1815 CvCapture_MSMF::grabFrame videoio(MSMF): can't grab frame. Error: -1072875819
[ WARN:1@50.057] global cap_msmf.cpp:1815 CvCapture_MSMF::grabFrame videoio(MSMF): can't grab frame. Error: -1072875819
[ WARN:1@50.158] global cap_msmf.cpp:1815 CvCapture_MSMF::grabFrame videoio(MSMF): can't grab frame. Error: -1072875819
[ WARN:1@50.258] global cap_msmf.cpp:1815 CvCapture_MSMF::grabFrame videoio(MSMF): can't grab frame. Error: -1072875819
[ WARN:1@50.358] global cap_msmf.cpp:1815 CvCapture_MSMF::grabFrame videoio(MSMF): can't grab frame. Error: -1072875819
[ WARN:1@50.458] global cap_msmf.cpp:1815 CvCapture_MSMF::grabFrame videoio(MSMF): can't grab frame. Error: -1072875819
[ WARN:1@50.559] global cap_msmf.cpp:1815 CvCapture_MSMF::grabFrame videoio(MSMF): can't grab frame. Error: -1072875819
[ WARN:1@50.659] global cap_msmf.cpp:1815 CvCapture_MSMF::grabFrame videoio(MSMF): can't grab frame. Error: -1072875819
[ WARN:1@50.760] global cap_msmf.cpp:1815 CvCapture_MSMF::grabFrame videoio(MSMF): can't grab frame. Error: -1072875819
[ WARN:1@50.860] global cap_msmf.cpp:1815 CvCapture_MSMF::grabFrame videoio(MSMF): can't grab frame. Error: -1072875819
[ WARN:1@50.961] global cap_msmf.cpp:1815 CvCapture_MSMF::grabFrame videoio(MSMF): can't grab frame. Error: -1072875819
[ WARN:1@51.061] global cap_msmf.cpp:1815 CvCapture_MSMF::grabFrame videoio(MSMF): can't grab frame. Error: -1072875819
[ WARN:1@51.162] global cap_msmf.cpp:1815 CvCapture_MSMF::grabFrame videoio(MSMF): can't grab frame. Error: -1072875819
[ WARN:1@51.262] global cap_msmf.cpp:1815 CvCapture_MSMF::grabFrame videoio(MSMF): can't grab frame. Error: -1072875819
[ WARN:1@51.363] global cap_msmf.cpp:1815 CvCapture_MSMF::grabFrame videoio(MSMF): can't grab frame. Error: -1072875819
[ WARN:1@51.463] global cap_msmf.cpp:1815 CvCapture_MSMF::grabFrame videoio(MSMF): can't grab frame. Error: -1072875819
[ WARN:1@51.563] global cap_msmf.cpp:1815 CvCapture_MSMF::grabFrame videoio(MSMF): can't grab frame. Error: -1072875819
[ WARN:1@51.664] global cap_msmf.cpp:1815 CvCapture_MSMF::grabFrame videoio(MSMF): can't grab frame. Error: -1072875819
[ WARN:1@51.764] global cap_msmf.cpp:1815 CvCapture_MSMF::grabFrame videoio(MSMF): can't grab frame. Error: -1072875819
[ WARN:1@51.865] global cap_msmf.cpp:1815 CvCapture_MSMF::grabFrame videoio(MSMF): can't grab frame. Error: -1072875819
[ WARN:1@51.965] global cap_msmf.cpp:1815 CvCapture_MSMF::grabFrame videoio(MSMF): can't grab frame. Error: -1072875819
[ WARN:1@52.065] global cap_msmf.cpp:1815 CvCapture_MSMF::grabFrame videoio(MSMF): can't grab frame. Error: -1072875819
[ WARN:1@52.166] global cap_msmf.cpp:1815 CvCapture_MSMF::grabFrame videoio(MSMF): can't grab frame. Error: -1072875819
[ WARN:1@52.266] global cap_msmf.cpp:1815 CvCapture_MSMF::grabFrame videoio(MSMF): can't grab frame. Error: -1072875819
[ WARN:1@52.367] global cap_msmf.cpp:1815 CvCapture_MSMF::grabFrame videoio(MSMF): can't grab frame. Error: -1072875819
[ WARN:1@52.467] global cap_msmf.cpp:1815 CvCapture_MSMF::grabFrame videoio(MSMF): can't grab frame. Error: -1072875819
[ WARN:1@52.568] global cap_msmf.cpp:1815 CvCapture_MSMF::grabFrame videoio(MSMF): can't grab frame. Error: -1072875819
[ WARN:1@52.668] global cap_msmf.cpp:1815 CvCapture_MSMF::grabFrame videoio(MSMF): can't grab frame. Error: -1072875819
[ WARN:1@52.768] global cap_msmf.cpp:1815 CvCapture_MSMF::grabFrame videoio(MSMF): can't grab frame. Error: -1072875819
[ WARN:1@52.869] global cap_msmf.cpp:1815 CvCapture_MSMF::grabFrame videoio(MSMF): can't grab frame. Error: -1072875819
[ WARN:1@52.969] global cap_msmf.cpp:1815 CvCapture_MSMF::grabFrame videoio(MSMF): can't grab frame. Error: -1072875819
[ WARN:1@53.069] global cap_msmf.cpp:1815 CvCapture_MSMF::grabFrame videoio(MSMF): can't grab frame. Error: -1072875819
[ WARN:1@53.169] global cap_msmf.cpp:1815 CvCapture_MSMF::grabFrame videoio(MSMF): can't grab frame. Error: -1072875819
[ WARN:1@53.270] global cap_msmf.cpp:1815 CvCapture_MSMF::grabFrame videoio(MSMF): can't grab frame. Error: -1072875819
[ WARN:1@53.370] global cap_msmf.cpp:1815 CvCapture_MSMF::grabFrame videoio(MSMF): can't grab frame. Error: -1072875819
[ WARN:1@53.471] global cap_msmf.cpp:1815 CvCapture_MSMF::grabFrame videoio(MSMF): can't grab frame. Error: -1072875819
[ WARN:1@53.572] global cap_msmf.cpp:1815 CvCapture_MSMF::grabFrame videoio(MSMF): can't grab frame. Error: -1072875819
[ WARN:1@53.672] global cap_msmf.cpp:1815 CvCapture_MSMF::grabFrame videoio(MSMF): can't grab frame. Error: -1072875819
[ WARN:1@53.773] global cap_msmf.cpp:1815 CvCapture_MSMF::grabFrame videoio(MSMF): can't grab frame. Error: -1072875819
[ WARN:1@53.873] global cap_msmf.cpp:1815 CvCapture_MSMF::grabFrame videoio(MSMF): can't grab frame. Error: -1072875819
[ WARN:1@53.973] global cap_msmf.cpp:1815 CvCapture_MSMF::grabFrame videoio(MSMF): can't grab frame. Error: -1072875819
[ WARN:1@54.074] global cap_msmf.cpp:1815 CvCapture_MSMF::grabFrame videoio(MSMF): can't grab frame. Error: -1072875819
[ WARN:1@54.174] global cap_msmf.cpp:1815 CvCapture_MSMF::grabFrame videoio(MSMF): can't grab frame. Error: -1072875819
[ WARN:1@54.274] global cap_msmf.cpp:1815 CvCapture_MSMF::grabFrame videoio(MSMF): can't grab frame. Error: -1072875819
[ WARN:1@54.375] global cap_msmf.cpp:1815 CvCapture_MSMF::grabFrame videoio(MSMF): can't grab frame. Error: -1072875819
[ WARN:1@54.475] global cap_msmf.cpp:1815 CvCapture_MSMF::grabFrame videoio(MSMF): can't grab frame. Error: -1072875819
[ WARN:1@54.576] global cap_msmf.cpp:1815 CvCapture_MSMF::grabFrame videoio(MSMF): can't grab frame. Error: -1072875819
[ WARN:1@54.676] global cap_msmf.cpp:1815 CvCapture_MSMF::grabFrame videoio(MSMF): can't grab frame. Error: -1072875819
[ WARN:1@54.777] global cap_msmf.cpp:1815 CvCapture_MSMF::grabFrame videoio(MSMF): can't grab frame. Error: -1072875819
[ WARN:1@54.877] global cap_msmf.cpp:1815 CvCapture_MSMF::grabFrame videoio(MSMF): can't grab frame. Error: -1072875819
[ WARN:1@54.978] global cap_msmf.cpp:1815 CvCapture_MSMF::grabFrame videoio(MSMF): can't grab frame. Error: -1072875819
[ WARN:1@55.078] global cap_msmf.cpp:1815 CvCapture_MSMF::grabFrame videoio(MSMF): can't grab frame. Error: -1072875819
[ WARN:1@55.178] global cap_msmf.cpp:1815 CvCapture_MSMF::grabFrame videoio(MSMF): can't grab frame. Error: -1072875819
[ WARN:1@55.278] global cap_msmf.cpp:1815 CvCapture_MSMF::grabFrame videoio(MSMF): can't grab frame. Error: -1072875819
[ WARN:1@55.379] global cap_msmf.cpp:1815 CvCapture_MSMF::grabFrame videoio(MSMF): can't grab frame. Error: -1072875819
[ WARN:1@55.479] global cap_msmf.cpp:1815 CvCapture_MSMF::grabFrame videoio(MSMF): can't grab frame. Error: -1072875819
[ WARN:1@55.580] global cap_msmf.cpp:1815 CvCapture_MSMF::grabFrame videoio(MSMF): can't grab frame. Error: -1072875819
[ WARN:1@55.680] global cap_msmf.cpp:1815 CvCapture_MSMF::grabFrame videoio(MSMF): can't grab frame. Error: -1072875819
[ WARN:1@55.780] global cap_msmf.cpp:1815 CvCapture_MSMF::grabFrame videoio(MSMF): can't grab frame. Error: -1072875819
[ WARN:1@55.881] global cap_msmf.cpp:1815 CvCapture_MSMF::grabFrame videoio(MSMF): can't grab frame. Error: -1072875819
[ WARN:1@55.982] global cap_msmf.cpp:1815 CvCapture_MSMF::grabFrame videoio(MSMF): can't grab frame. Error: -1072875819
[ WARN:1@56.082] global cap_msmf.cpp:1815 CvCapture_MSMF::grabFrame videoio(MSMF): can't grab frame. Error: -1072875819
[ WARN:1@56.182] global cap_msmf.cpp:1815 CvCapture_MSMF::grabFrame videoio(MSMF): can't grab frame. Error: -1072875819
[ WARN:1@56.283] global cap_msmf.cpp:1815 CvCapture_MSMF::grabFrame videoio(MSMF): can't grab frame. Error: -1072875819
[ WARN:1@56.383] global cap_msmf.cpp:1815 CvCapture_MSMF::grabFrame videoio(MSMF): can't grab frame. Error: -1072875819
[ WARN:1@56.483] global cap_msmf.cpp:1815 CvCapture_MSMF::grabFrame videoio(MSMF): can't grab frame. Error: -1072875819
[ WARN:1@56.584] global cap_msmf.cpp:1815 CvCapture_MSMF::grabFrame videoio(MSMF): can't grab frame. Error: -1072875819
[ WARN:1@56.684] global cap_msmf.cpp:1815 CvCapture_MSMF::grabFrame videoio(MSMF): can't grab frame. Error: -1072875819
[ WARN:1@56.784] global cap_msmf.cpp:1815 CvCapture_MSMF::grabFrame videoio(MSMF): can't grab frame. Error: -1072875819
[ WARN:1@56.885] global cap_msmf.cpp:1815 CvCapture_MSMF::grabFrame videoio(MSMF): can't grab frame. Error: -1072875819
[ WARN:1@56.985] global cap_msmf.cpp:1815 CvCapture_MSMF::grabFrame videoio(MSMF): can't grab frame. Error: -1072875819
[ WARN:1@57.085] global cap_msmf.cpp:1815 CvCapture_MSMF::grabFrame videoio(MSMF): can't grab frame. Error: -1072875819
[ WARN:1@57.186] global cap_msmf.cpp:1815 CvCapture_MSMF::grabFrame videoio(MSMF): can't grab frame. Error: -1072875819
[ WARN:1@57.286] global cap_msmf.cpp:1815 CvCapture_MSMF::grabFrame videoio(MSMF): can't grab frame. Error: -1072875819
[ WARN:1@57.386] global cap_msmf.cpp:1815 CvCapture_MSMF::grabFrame videoio(MSMF): can't grab frame. Error: -1072875819
[ WARN:1@57.487] global cap_msmf.cpp:1815 CvCapture_MSMF::grabFrame videoio(MSMF): can't grab frame. Error: -1072875819
[ WARN:1@57.587] global cap_msmf.cpp:1815 CvCapture_MSMF::grabFrame videoio(MSMF): can't grab frame. Error: -1072875819
[ WARN:1@57.687] global cap_msmf.cpp:1815 CvCapture_MSMF::grabFrame videoio(MSMF): can't grab frame. Error: -1072875819
[ WARN:1@57.787] global cap_msmf.cpp:1815 CvCapture_MSMF::grabFrame videoio(MSMF): can't grab frame. Error: -1072875819
[ WARN:1@57.888] global cap_msmf.cpp:1815 CvCapture_MSMF::grabFrame videoio(MSMF): can't grab frame. Error: -1072875819
[ WARN:1@57.989] global cap_msmf.cpp:1815 CvCapture_MSMF::grabFrame videoio(MSMF): can't grab frame. Error: -1072875819
[ WARN:1@58.089] global cap_msmf.cpp:1815 CvCapture_MSMF::grabFrame videoio(MSMF): can't grab frame. Error: -1072875819
[ WARN:1@58.189] global cap_msmf.cpp:1815 CvCapture_MSMF::grabFrame videoio(MSMF): can't grab frame. Error: -1072875819
[ WARN:1@58.290] global cap_msmf.cpp:1815 CvCapture_MSMF::grabFrame videoio(MSMF): can't grab frame. Error: -1072875819
[ WARN:1@58.390] global cap_msmf.cpp:1815 CvCapture_MSMF::grabFrame videoio(MSMF): can't grab frame. Error: -1072875819
[ WARN:1@58.491] global cap_msmf.cpp:1815 CvCapture_MSMF::grabFrame videoio(MSMF): can't grab frame. Error: -1072875819
[ WARN:1@58.591] global cap_msmf.cpp:1815 CvCapture_MSMF::grabFrame videoio(MSMF): can't grab frame. Error: -1072875819
[ WARN:1@58.691] global cap_msmf.cpp:1815 CvCapture_MSMF::grabFrame videoio(MSMF): can't grab frame. Error: -1072875819
[ WARN:1@58.792] global cap_msmf.cpp:1815 CvCapture_MSMF::grabFrame videoio(MSMF): can't grab frame. Error: -1072875819
[ WARN:1@58.892] global cap_msmf.cpp:1815 CvCapture_MSMF::grabFrame videoio(MSMF): can't grab frame. Error: -1072875819
[ WARN:1@58.992] global cap_msmf.cpp:1815 CvCapture_MSMF::grabFrame videoio(MSMF): can't grab frame. Error: -1072875819
[ WARN:1@59.093] global cap_msmf.cpp:1815 CvCapture_MSMF::grabFrame videoio(MSMF): can't grab frame. Error: -1072875819
[ WARN:1@59.193] global cap_msmf.cpp:1815 CvCapture_MSMF::grabFrame videoio(MSMF): can't grab frame. Error: -1072875819
[ WARN:1@59.293] global cap_msmf.cpp:1815 CvCapture_MSMF::grabFrame videoio(MSMF): can't grab frame. Error: -1072875819
[ WARN:1@59.394] global cap_msmf.cpp:1815 CvCapture_MSMF::grabFrame videoio(MSMF): can't grab frame. Error: -1072875819
[ WARN:1@59.494] global cap_msmf.cpp:1815 CvCapture_MSMF::grabFrame videoio(MSMF): can't grab frame. Error: -1072875819
[ WARN:1@59.594] global cap_msmf.cpp:1815 CvCapture_MSMF::grabFrame videoio(MSMF): can't grab frame. Error: -1072875819
[ WARN:1@59.695] global cap_msmf.cpp:1815 CvCapture_MSMF::grabFrame videoio(MSMF): can't grab frame. Error: -1072875819
[ WARN:1@59.795] global cap_msmf.cpp:1815 CvCapture_MSMF::grabFrame videoio(MSMF): can't grab frame. Error: -1072875819
[ WARN:1@59.895] global cap_msmf.cpp:1815 CvCapture_MSMF::grabFrame videoio(MSMF): can't grab frame. Error: -1072875819
[ WARN:1@59.995] global cap_msmf.cpp:1815 CvCapture_MSMF::grabFrame videoio(MSMF): can't grab frame. Error: -1072875819
[ WARN:1@60.096] global cap_msmf.cpp:1815 CvCapture_MSMF::grabFrame videoio(MSMF): can't grab frame. Error: -1072875819
[ WARN:1@60.196] global cap_msmf.cpp:1815 CvCapture_MSMF::grabFrame videoio(MSMF): can't grab frame. Error: -1072875819
[ WARN:1@60.297] global cap_msmf.cpp:1815 CvCapture_MSMF::grabFrame videoio(MSMF): can't grab frame. Error: -1072875819
[ WARN:1@60.397] global cap_msmf.cpp:1815 CvCapture_MSMF::grabFrame videoio(MSMF): can't grab frame. Error: -1072875819
[ WARN:1@60.497] global cap_msmf.cpp:1815 CvCapture_MSMF::grabFrame videoio(MSMF): can't grab frame. Error: -1072875819
[ WARN:1@60.598] global cap_msmf.cpp:1815 CvCapture_MSMF::grabFrame videoio(MSMF): can't grab frame. Error: -1072875819
[ WARN:1@60.699] global cap_msmf.cpp:1815 CvCapture_MSMF::grabFrame videoio(MSMF): can't grab frame. Error: -1072875819
[ WARN:1@60.799] global cap_msmf.cpp:1815 CvCapture_MSMF::grabFrame videoio(MSMF): can't grab frame. Error: -1072875819
[ WARN:1@60.899] global cap_msmf.cpp:1815 CvCapture_MSMF::grabFrame videoio(MSMF): can't grab frame. Error: -1072875819
[ WARN:1@61.000] global cap_msmf.cpp:1815 CvCapture_MSMF::grabFrame videoio(MSMF): can't grab frame. Error: -1072875819
[ WARN:1@61.100] global cap_msmf.cpp:1815 CvCapture_MSMF::grabFrame videoio(MSMF): can't grab frame. Error: -1072875819
[ WARN:1@61.201] global cap_msmf.cpp:1815 CvCapture_MSMF::grabFrame videoio(MSMF): can't grab frame. Error: -1072875819
[ WARN:1@61.301] global cap_msmf.cpp:1815 CvCapture_MSMF::grabFrame videoio(MSMF): can't grab frame. Error: -1072875819
[ WARN:1@61.401] global cap_msmf.cpp:1815 CvCapture_MSMF::grabFrame videoio(MSMF): can't grab frame. Error: -1072875819
[ WARN:1@61.502] global cap_msmf.cpp:1815 CvCapture_MSMF::grabFrame videoio(MSMF): can't grab frame. Error: -1072875819
[ WARN:1@61.602] global cap_msmf.cpp:1815 CvCapture_MSMF::grabFrame videoio(MSMF): can't grab frame. Error: -1072875819
[ WARN:1@61.702] global cap_msmf.cpp:1815 CvCapture_MSMF::grabFrame videoio(MSMF): can't grab frame. Error: -1072875819
[ WARN:1@61.803] global cap_msmf.cpp:1815 CvCapture_MSMF::grabFrame videoio(MSMF): can't grab frame. Error: -1072875819
[ WARN:1@61.903] global cap_msmf.cpp:1815 CvCapture_MSMF::grabFrame videoio(MSMF): can't grab frame. Error: -1072875819
[ WARN:1@62.003] global cap_msmf.cpp:1815 CvCapture_MSMF::grabFrame videoio(MSMF): can't grab frame. Error: -1072875819
[ WARN:1@62.104] global cap_msmf.cpp:1815 CvCapture_MSMF::grabFrame videoio(MSMF): can't grab frame. Error: -1072875819
[ WARN:1@62.204] global cap_msmf.cpp:1815 CvCapture_MSMF::grabFrame videoio(MSMF): can't grab frame. Error: -1072875819
[ WARN:1@62.305] global cap_msmf.cpp:1815 CvCapture_MSMF::grabFrame videoio(MSMF): can't grab frame. Error: -1072875819
[ WARN:1@62.405] global cap_msmf.cpp:1815 CvCapture_MSMF::grabFrame videoio(MSMF): can't grab frame. Error: -1072875819
[ WARN:1@62.506] global cap_msmf.cpp:1815 CvCapture_MSMF::grabFrame videoio(MSMF): can't grab frame. Error: -1072875819
[ WARN:1@62.606] global cap_msmf.cpp:1815 CvCapture_MSMF::grabFrame videoio(MSMF): can't grab frame. Error: -1072875819
[ WARN:1@62.707] global cap_msmf.cpp:1815 CvCapture_MSMF::grabFrame videoio(MSMF): can't grab frame. Error: -1072875819
[ WARN:1@62.807] global cap_msmf.cpp:1815 CvCapture_MSMF::grabFrame videoio(MSMF): can't grab frame. Error: -1072875819
[ WARN:1@62.907] global cap_msmf.cpp:1815 CvCapture_MSMF::grabFrame videoio(MSMF): can't grab frame. Error: -1072875819
[ WARN:1@63.008] global cap_msmf.cpp:1815 CvCapture_MSMF::grabFrame videoio(MSMF): can't grab frame. Error: -1072875819
[ WARN:1@63.109] global cap_msmf.cpp:1815 CvCapture_MSMF::grabFrame videoio(MSMF): can't grab frame. Error: -1072875819
[ WARN:1@63.209] global cap_msmf.cpp:1815 CvCapture_MSMF::grabFrame videoio(MSMF): can't grab frame. Error: -1072875819
[ WARN:1@63.309] global cap_msmf.cpp:1815 CvCapture_MSMF::grabFrame videoio(MSMF): can't grab frame. Error: -1072875819
[ WARN:1@63.410] global cap_msmf.cpp:1815 CvCapture_MSMF::grabFrame videoio(MSMF): can't grab frame. Error: -1072875819
[ WARN:1@63.510] global cap_msmf.cpp:1815 CvCapture_MSMF::grabFrame videoio(MSMF): can't grab frame. Error: -1072875819
[ WARN:1@63.611] global cap_msmf.cpp:1815 CvCapture_MSMF::grabFrame videoio(MSMF): can't grab frame. Error: -1072875819
[ WARN:1@63.711] global cap_msmf.cpp:1815 CvCapture_MSMF::grabFrame videoio(MSMF): can't grab frame. Error: -1072875819
[ WARN:1@63.812] global cap_msmf.cpp:1815 CvCapture_MSMF::grabFrame videoio(MSMF): can't grab frame. Error: -1072875819
[ WARN:1@63.912] global cap_msmf.cpp:1815 CvCapture_MSMF::grabFrame videoio(MSMF): can't grab frame. Error: -1072875819
[ WARN:1@64.012] global cap_msmf.cpp:1815 CvCapture_MSMF::grabFrame videoio(MSMF): can't grab frame. Error: -1072875819
[ WARN:1@64.113] global cap_msmf.cpp:1815 CvCapture_MSMF::grabFrame videoio(MSMF): can't grab frame. Error: -1072875819
[ WARN:1@64.213] global cap_msmf.cpp:1815 CvCapture_MSMF::grabFrame videoio(MSMF): can't grab frame. Error: -1072875819
[ WARN:1@64.313] global cap_msmf.cpp:1815 CvCapture_MSMF::grabFrame videoio(MSMF): can't grab frame. Error: -1072875819
[ WARN:1@64.414] global cap_msmf.cpp:1815 CvCapture_MSMF::grabFrame videoio(MSMF): can't grab frame. Error: -1072875819
[ WARN:1@64.514] global cap_msmf.cpp:1815 CvCapture_MSMF::grabFrame videoio(MSMF): can't grab frame. Error: -1072875819
[ WARN:1@64.615] global cap_msmf.cpp:1815 CvCapture_MSMF::grabFrame videoio(MSMF): can't grab frame. Error: -1072875819
[ WARN:1@64.715] global cap_msmf.cpp:1815 CvCapture_MSMF::grabFrame videoio(MSMF): can't grab frame. Error: -1072875819
[ WARN:1@64.815] global cap_msmf.cpp:1815 CvCapture_MSMF::grabFrame videoio(MSMF): can't grab frame. Error: -1072875819
[ WARN:1@64.916] global cap_msmf.cpp:1815 CvCapture_MSMF::grabFrame videoio(MSMF): can't grab frame. Error: -1072875819
[ WARN:1@65.016] global cap_msmf.cpp:1815 CvCapture_MSMF::grabFrame videoio(MSMF): can't grab frame. Error: -1072875819
[ WARN:1@65.117] global cap_msmf.cpp:1815 CvCapture_MSMF::grabFrame videoio(MSMF): can't grab frame. Error: -1072875819
[ WARN:1@65.217] global cap_msmf.cpp:1815 CvCapture_MSMF::grabFrame videoio(MSMF): can't grab frame. Error: -1072875819
[ WARN:1@65.318] global cap_msmf.cpp:1815 CvCapture_MSMF::grabFrame videoio(MSMF): can't grab frame. Error: -1072875819
[ WARN:1@65.418] global cap_msmf.cpp:1815 CvCapture_MSMF::grabFrame videoio(MSMF): can't grab frame. Error: -1072875819
[ WARN:1@65.519] global cap_msmf.cpp:1815 CvCapture_MSMF::grabFrame videoio(MSMF): can't grab frame. Error: -1072875819
[ WARN:1@65.619] global cap_msmf.cpp:1815 CvCapture_MSMF::grabFrame videoio(MSMF): can't grab frame. Error: -1072875819
[ WARN:1@65.720] global cap_msmf.cpp:1815 CvCapture_MSMF::grabFrame videoio(MSMF): can't grab frame. Error: -1072875819
[ WARN:1@65.820] global cap_msmf.cpp:1815 CvCapture_MSMF::grabFrame videoio(MSMF): can't grab frame. Error: -1072875819
[ WARN:1@65.920] global cap_msmf.cpp:1815 CvCapture_MSMF::grabFrame videoio(MSMF): can't grab frame. Error: -1072875819
[ WARN:1@66.020] global cap_msmf.cpp:1815 CvCapture_MSMF::grabFrame videoio(MSMF): can't grab frame. Error: -1072875819
[ WARN:1@66.120] global cap_msmf.cpp:1815 CvCapture_MSMF::grabFrame videoio(MSMF): can't grab frame. Error: -1072875819
[ WARN:1@66.221] global cap_msmf.cpp:1815 CvCapture_MSMF::grabFrame videoio(MSMF): can't grab frame. Error: -1072875819
[ WARN:1@66.321] global cap_msmf.cpp:1815 CvCapture_MSMF::grabFrame videoio(MSMF): can't grab frame. Error: -1072875819
[ WARN:1@66.422] global cap_msmf.cpp:1815 CvCapture_MSMF::grabFrame videoio(MSMF): can't grab frame. Error: -1072875819
[ WARN:1@66.522] global cap_msmf.cpp:1815 CvCapture_MSMF::grabFrame videoio(MSMF): can't grab frame. Error: -1072875819
[ WARN:1@66.622] global cap_msmf.cpp:1815 CvCapture_MSMF::grabFrame videoio(MSMF): can't grab frame. Error: -1072875819
[ WARN:1@66.723] global cap_msmf.cpp:1815 CvCapture_MSMF::grabFrame videoio(MSMF): can't grab frame. Error: -1072875819
[ WARN:1@66.823] global cap_msmf.cpp:1815 CvCapture_MSMF::grabFrame videoio(MSMF): can't grab frame. Error: -1072875819
[ WARN:1@66.924] global cap_msmf.cpp:1815 CvCapture_MSMF::grabFrame videoio(MSMF): can't grab frame. Error: -1072875819
[ WARN:1@67.025] global cap_msmf.cpp:1815 CvCapture_MSMF::grabFrame videoio(MSMF): can't grab frame. Error: -1072875819
[ WARN:1@67.125] global cap_msmf.cpp:1815 CvCapture_MSMF::grabFrame videoio(MSMF): can't grab frame. Error: -1072875819
[ WARN:1@67.225] global cap_msmf.cpp:1815 CvCapture_MSMF::grabFrame videoio(MSMF): can't grab frame. Error: -1072875819
[ WARN:1@67.326] global cap_msmf.cpp:1815 CvCapture_MSMF::grabFrame videoio(MSMF): can't grab frame. Error: -1072875819
[ WARN:1@67.426] global cap_msmf.cpp:1815 CvCapture_MSMF::grabFrame videoio(MSMF): can't grab frame. Error: -1072875819
2026-04-14 00:44:30,582 [INFO] gesture.worker: Camera did not deliver frames — releasing and retrying in 3 s...
2026-04-14 00:44:34,096 [INFO] gesture.worker: Opening camera (attempt 3/3)...
2026-04-14 00:44:45,679 [INFO] gesture.worker: Warming up camera...
[ WARN:3@83.896] global cap_msmf.cpp:477 `anonymous-namespace'::SourceReaderCB::OnReadSample videoio(MSMF): OnReadSample() is called with error status: -1072875819
[ WARN:3@83.896] global cap_msmf.cpp:488 `anonymous-namespace'::SourceReaderCB::OnReadSample videoio(MSMF): async ReadSample() call is failed with error status: -1072875819
[ WARN:1@83.896] global cap_msmf.cpp:1815 CvCapture_MSMF::grabFrame videoio(MSMF): can't grab frame. Error: -1072875819
[ WARN:1@83.996] global cap_msmf.cpp:1815 CvCapture_MSMF::grabFrame videoio(MSMF): can't grab frame. Error: -1072875819
[ WARN:1@84.096] global cap_msmf.cpp:1815 CvCapture_MSMF::grabFrame videoio(MSMF): can't grab frame. Error: -1072875819
[ WARN:1@84.196] global cap_msmf.cpp:1815 CvCapture_MSMF::grabFrame videoio(MSMF): can't grab frame. Error: -1072875819
[ WARN:1@84.297] global cap_msmf.cpp:1815 CvCapture_MSMF::grabFrame videoio(MSMF): can't grab frame. Error: -1072875819
[ WARN:1@84.397] global cap_msmf.cpp:1815 CvCapture_MSMF::grabFrame videoio(MSMF): can't grab frame. Error: -1072875819
[ WARN:1@84.498] global cap_msmf.cpp:1815 CvCapture_MSMF::grabFrame videoio(MSMF): can't grab frame. Error: -1072875819
[ WARN:1@84.598] global cap_msmf.cpp:1815 CvCapture_MSMF::grabFrame videoio(MSMF): can't grab frame. Error: -1072875819
[ WARN:1@84.698] global cap_msmf.cpp:1815 CvCapture_MSMF::grabFrame videoio(MSMF): can't grab frame. Error: -1072875819
[ WARN:1@84.799] global cap_msmf.cpp:1815 CvCapture_MSMF::grabFrame videoio(MSMF): can't grab frame. Error: -1072875819
[ WARN:1@84.900] global cap_msmf.cpp:1815 CvCapture_MSMF::grabFrame videoio(MSMF): can't grab frame. Error: -1072875819
[ WARN:1@85.000] global cap_msmf.cpp:1815 CvCapture_MSMF::grabFrame videoio(MSMF): can't grab frame. Error: -1072875819
[ WARN:1@85.100] global cap_msmf.cpp:1815 CvCapture_MSMF::grabFrame videoio(MSMF): can't grab frame. Error: -1072875819
[ WARN:1@85.201] global cap_msmf.cpp:1815 CvCapture_MSMF::grabFrame videoio(MSMF): can't grab frame. Error: -1072875819
[ WARN:1@85.301] global cap_msmf.cpp:1815 CvCapture_MSMF::grabFrame videoio(MSMF): can't grab frame. Error: -1072875819
[ WARN:1@85.402] global cap_msmf.cpp:1815 CvCapture_MSMF::grabFrame videoio(MSMF): can't grab frame. Error: -1072875819
[ WARN:1@85.502] global cap_msmf.cpp:1815 CvCapture_MSMF::grabFrame videoio(MSMF): can't grab frame. Error: -1072875819
[ WARN:1@85.603] global cap_msmf.cpp:1815 CvCapture_MSMF::grabFrame videoio(MSMF): can't grab frame. Error: -1072875819
[ WARN:1@85.703] global cap_msmf.cpp:1815 CvCapture_MSMF::grabFrame videoio(MSMF): can't grab frame. Error: -1072875819
[ WARN:1@85.803] global cap_msmf.cpp:1815 CvCapture_MSMF::grabFrame videoio(MSMF): can't grab frame. Error: -1072875819
[ WARN:1@85.904] global cap_msmf.cpp:1815 CvCapture_MSMF::grabFrame videoio(MSMF): can't grab frame. Error: -1072875819
[ WARN:1@86.004] global cap_msmf.cpp:1815 CvCapture_MSMF::grabFrame videoio(MSMF): can't grab frame. Error: -1072875819
[ WARN:1@86.105] global cap_msmf.cpp:1815 CvCapture_MSMF::grabFrame videoio(MSMF): can't grab frame. Error: -1072875819
[ WARN:1@86.205] global cap_msmf.cpp:1815 CvCapture_MSMF::grabFrame videoio(MSMF): can't grab frame. Error: -1072875819
[ WARN:1@86.306] global cap_msmf.cpp:1815 CvCapture_MSMF::grabFrame videoio(MSMF): can't grab frame. Error: -1072875819
[ WARN:1@86.406] global cap_msmf.cpp:1815 CvCapture_MSMF::grabFrame videoio(MSMF): can't grab frame. Error: -1072875819
[ WARN:1@86.507] global cap_msmf.cpp:1815 CvCapture_MSMF::grabFrame videoio(MSMF): can't grab frame. Error: -1072875819
[ WARN:1@86.607] global cap_msmf.cpp:1815 CvCapture_MSMF::grabFrame videoio(MSMF): can't grab frame. Error: -1072875819
[ WARN:1@86.708] global cap_msmf.cpp:1815 CvCapture_MSMF::grabFrame videoio(MSMF): can't grab frame. Error: -1072875819
[ WARN:1@86.808] global cap_msmf.cpp:1815 CvCapture_MSMF::grabFrame videoio(MSMF): can't grab frame. Error: -1072875819
[ WARN:1@86.909] global cap_msmf.cpp:1815 CvCapture_MSMF::grabFrame videoio(MSMF): can't grab frame. Error: -1072875819
[ WARN:1@87.010] global cap_msmf.cpp:1815 CvCapture_MSMF::grabFrame videoio(MSMF): can't grab frame. Error: -1072875819
[ WARN:1@87.110] global cap_msmf.cpp:1815 CvCapture_MSMF::grabFrame videoio(MSMF): can't grab frame. Error: -1072875819
[ WARN:1@87.211] global cap_msmf.cpp:1815 CvCapture_MSMF::grabFrame videoio(MSMF): can't grab frame. Error: -1072875819
[ WARN:1@87.311] global cap_msmf.cpp:1815 CvCapture_MSMF::grabFrame videoio(MSMF): can't grab frame. Error: -1072875819
[ WARN:1@87.411] global cap_msmf.cpp:1815 CvCapture_MSMF::grabFrame videoio(MSMF): can't grab frame. Error: -1072875819
[ WARN:1@87.512] global cap_msmf.cpp:1815 CvCapture_MSMF::grabFrame videoio(MSMF): can't grab frame. Error: -1072875819
[ WARN:1@87.612] global cap_msmf.cpp:1815 CvCapture_MSMF::grabFrame videoio(MSMF): can't grab frame. Error: -1072875819
[ WARN:1@87.712] global cap_msmf.cpp:1815 CvCapture_MSMF::grabFrame videoio(MSMF): can't grab frame. Error: -1072875819
[ WARN:1@87.813] global cap_msmf.cpp:1815 CvCapture_MSMF::grabFrame videoio(MSMF): can't grab frame. Error: -1072875819
[ WARN:1@87.913] global cap_msmf.cpp:1815 CvCapture_MSMF::grabFrame videoio(MSMF): can't grab frame. Error: -1072875819
[ WARN:1@88.013] global cap_msmf.cpp:1815 CvCapture_MSMF::grabFrame videoio(MSMF): can't grab frame. Error: -1072875819
[ WARN:1@88.114] global cap_msmf.cpp:1815 CvCapture_MSMF::grabFrame videoio(MSMF): can't grab frame. Error: -1072875819
[ WARN:1@88.214] global cap_msmf.cpp:1815 CvCapture_MSMF::grabFrame videoio(MSMF): can't grab frame. Error: -1072875819
[ WARN:1@88.315] global cap_msmf.cpp:1815 CvCapture_MSMF::grabFrame videoio(MSMF): can't grab frame. Error: -1072875819
[ WARN:1@88.415] global cap_msmf.cpp:1815 CvCapture_MSMF::grabFrame videoio(MSMF): can't grab frame. Error: -1072875819
[ WARN:1@88.516] global cap_msmf.cpp:1815 CvCapture_MSMF::grabFrame videoio(MSMF): can't grab frame. Error: -1072875819
[ WARN:1@88.616] global cap_msmf.cpp:1815 CvCapture_MSMF::grabFrame videoio(MSMF): can't grab frame. Error: -1072875819
[ WARN:1@88.717] global cap_msmf.cpp:1815 CvCapture_MSMF::grabFrame videoio(MSMF): can't grab frame. Error: -1072875819
[ WARN:1@88.817] global cap_msmf.cpp:1815 CvCapture_MSMF::grabFrame videoio(MSMF): can't grab frame. Error: -1072875819
[ WARN:1@88.917] global cap_msmf.cpp:1815 CvCapture_MSMF::grabFrame videoio(MSMF): can't grab frame. Error: -1072875819
[ WARN:1@89.018] global cap_msmf.cpp:1815 CvCapture_MSMF::grabFrame videoio(MSMF): can't grab frame. Error: -1072875819
[ WARN:1@89.118] global cap_msmf.cpp:1815 CvCapture_MSMF::grabFrame videoio(MSMF): can't grab frame. Error: -1072875819
[ WARN:1@89.218] global cap_msmf.cpp:1815 CvCapture_MSMF::grabFrame videoio(MSMF): can't grab frame. Error: -1072875819
[ WARN:1@89.319] global cap_msmf.cpp:1815 CvCapture_MSMF::grabFrame videoio(MSMF): can't grab frame. Error: -1072875819
[ WARN:1@89.419] global cap_msmf.cpp:1815 CvCapture_MSMF::grabFrame videoio(MSMF): can't grab frame. Error: -1072875819
[ WARN:1@89.520] global cap_msmf.cpp:1815 CvCapture_MSMF::grabFrame videoio(MSMF): can't grab frame. Error: -1072875819
[ WARN:1@89.620] global cap_msmf.cpp:1815 CvCapture_MSMF::grabFrame videoio(MSMF): can't grab frame. Error: -1072875819
[ WARN:1@89.720] global cap_msmf.cpp:1815 CvCapture_MSMF::grabFrame videoio(MSMF): can't grab frame. Error: -1072875819
[ WARN:1@89.821] global cap_msmf.cpp:1815 CvCapture_MSMF::grabFrame videoio(MSMF): can't grab frame. Error: -1072875819
[ WARN:1@89.921] global cap_msmf.cpp:1815 CvCapture_MSMF::grabFrame videoio(MSMF): can't grab frame. Error: -1072875819
[ WARN:1@90.022] global cap_msmf.cpp:1815 CvCapture_MSMF::grabFrame videoio(MSMF): can't grab frame. Error: -1072875819
[ WARN:1@90.122] global cap_msmf.cpp:1815 CvCapture_MSMF::grabFrame videoio(MSMF): can't grab frame. Error: -1072875819
[ WARN:1@90.222] global cap_msmf.cpp:1815 CvCapture_MSMF::grabFrame videoio(MSMF): can't grab frame. Error: -1072875819
[ WARN:1@90.322] global cap_msmf.cpp:1815 CvCapture_MSMF::grabFrame videoio(MSMF): can't grab frame. Error: -1072875819
[ WARN:1@90.423] global cap_msmf.cpp:1815 CvCapture_MSMF::grabFrame videoio(MSMF): can't grab frame. Error: -1072875819
[ WARN:1@90.523] global cap_msmf.cpp:1815 CvCapture_MSMF::grabFrame videoio(MSMF): can't grab frame. Error: -1072875819
[ WARN:1@90.624] global cap_msmf.cpp:1815 CvCapture_MSMF::grabFrame videoio(MSMF): can't grab frame. Error: -1072875819
[ WARN:1@90.724] global cap_msmf.cpp:1815 CvCapture_MSMF::grabFrame videoio(MSMF): can't grab frame. Error: -1072875819
[ WARN:1@90.825] global cap_msmf.cpp:1815 CvCapture_MSMF::grabFrame videoio(MSMF): can't grab frame. Error: -1072875819
[ WARN:1@90.925] global cap_msmf.cpp:1815 CvCapture_MSMF::grabFrame videoio(MSMF): can't grab frame. Error: -1072875819
[ WARN:1@91.025] global cap_msmf.cpp:1815 CvCapture_MSMF::grabFrame videoio(MSMF): can't grab frame. Error: -1072875819
[ WARN:1@91.126] global cap_msmf.cpp:1815 CvCapture_MSMF::grabFrame videoio(MSMF): can't grab frame. Error: -1072875819
[ WARN:1@91.226] global cap_msmf.cpp:1815 CvCapture_MSMF::grabFrame videoio(MSMF): can't grab frame. Error: -1072875819
[ WARN:1@91.326] global cap_msmf.cpp:1815 CvCapture_MSMF::grabFrame videoio(MSMF): can't grab frame. Error: -1072875819
[ WARN:1@91.427] global cap_msmf.cpp:1815 CvCapture_MSMF::grabFrame videoio(MSMF): can't grab frame. Error: -1072875819
[ WARN:1@91.528] global cap_msmf.cpp:1815 CvCapture_MSMF::grabFrame videoio(MSMF): can't grab frame. Error: -1072875819
[ WARN:1@91.628] global cap_msmf.cpp:1815 CvCapture_MSMF::grabFrame videoio(MSMF): can't grab frame. Error: -1072875819
[ WARN:1@91.728] global cap_msmf.cpp:1815 CvCapture_MSMF::grabFrame videoio(MSMF): can't grab frame. Error: -1072875819
[ WARN:1@91.829] global cap_msmf.cpp:1815 CvCapture_MSMF::grabFrame videoio(MSMF): can't grab frame. Error: -1072875819
[ WARN:1@91.929] global cap_msmf.cpp:1815 CvCapture_MSMF::grabFrame videoio(MSMF): can't grab frame. Error: -1072875819
[ WARN:1@92.030] global cap_msmf.cpp:1815 CvCapture_MSMF::grabFrame videoio(MSMF): can't grab frame. Error: -1072875819
[ WARN:1@92.130] global cap_msmf.cpp:1815 CvCapture_MSMF::grabFrame videoio(MSMF): can't grab frame. Error: -1072875819
[ WARN:1@92.231] global cap_msmf.cpp:1815 CvCapture_MSMF::grabFrame videoio(MSMF): can't grab frame. Error: -1072875819
[ WARN:1@92.331] global cap_msmf.cpp:1815 CvCapture_MSMF::grabFrame videoio(MSMF): can't grab frame. Error: -1072875819
[ WARN:1@92.431] global cap_msmf.cpp:1815 CvCapture_MSMF::grabFrame videoio(MSMF): can't grab frame. Error: -1072875819
[ WARN:1@92.532] global cap_msmf.cpp:1815 CvCapture_MSMF::grabFrame videoio(MSMF): can't grab frame. Error: -1072875819
[ WARN:1@92.632] global cap_msmf.cpp:1815 CvCapture_MSMF::grabFrame videoio(MSMF): can't grab frame. Error: -1072875819
[ WARN:1@92.732] global cap_msmf.cpp:1815 CvCapture_MSMF::grabFrame videoio(MSMF): can't grab frame. Error: -1072875819
[ WARN:1@92.833] global cap_msmf.cpp:1815 CvCapture_MSMF::grabFrame videoio(MSMF): can't grab frame. Error: -1072875819
[ WARN:1@92.933] global cap_msmf.cpp:1815 CvCapture_MSMF::grabFrame videoio(MSMF): can't grab frame. Error: -1072875819
[ WARN:1@93.033] global cap_msmf.cpp:1815 CvCapture_MSMF::grabFrame videoio(MSMF): can't grab frame. Error: -1072875819
[ WARN:1@93.133] global cap_msmf.cpp:1815 CvCapture_MSMF::grabFrame videoio(MSMF): can't grab frame. Error: -1072875819
[ WARN:1@93.234] global cap_msmf.cpp:1815 CvCapture_MSMF::grabFrame videoio(MSMF): can't grab frame. Error: -1072875819
[ WARN:1@93.334] global cap_msmf.cpp:1815 CvCapture_MSMF::grabFrame videoio(MSMF): can't grab frame. Error: -1072875819
[ WARN:1@93.434] global cap_msmf.cpp:1815 CvCapture_MSMF::grabFrame videoio(MSMF): can't grab frame. Error: -1072875819
[ WARN:1@93.535] global cap_msmf.cpp:1815 CvCapture_MSMF::grabFrame videoio(MSMF): can't grab frame. Error: -1072875819
[ WARN:1@93.635] global cap_msmf.cpp:1815 CvCapture_MSMF::grabFrame videoio(MSMF): can't grab frame. Error: -1072875819
[ WARN:1@93.736] global cap_msmf.cpp:1815 CvCapture_MSMF::grabFrame videoio(MSMF): can't grab frame. Error: -1072875819
[ WARN:1@93.836] global cap_msmf.cpp:1815 CvCapture_MSMF::grabFrame videoio(MSMF): can't grab frame. Error: -1072875819
[ WARN:1@93.936] global cap_msmf.cpp:1815 CvCapture_MSMF::grabFrame videoio(MSMF): can't grab frame. Error: -1072875819
[ WARN:1@94.037] global cap_msmf.cpp:1815 CvCapture_MSMF::grabFrame videoio(MSMF): can't grab frame. Error: -1072875819
[ WARN:1@94.137] global cap_msmf.cpp:1815 CvCapture_MSMF::grabFrame videoio(MSMF): can't grab frame. Error: -1072875819
[ WARN:1@94.237] global cap_msmf.cpp:1815 CvCapture_MSMF::grabFrame videoio(MSMF): can't grab frame. Error: -1072875819
[ WARN:1@94.338] global cap_msmf.cpp:1815 CvCapture_MSMF::grabFrame videoio(MSMF): can't grab frame. Error: -1072875819
[ WARN:1@94.438] global cap_msmf.cpp:1815 CvCapture_MSMF::grabFrame videoio(MSMF): can't grab frame. Error: -1072875819
[ WARN:1@94.539] global cap_msmf.cpp:1815 CvCapture_MSMF::grabFrame videoio(MSMF): can't grab frame. Error: -1072875819
[ WARN:1@94.639] global cap_msmf.cpp:1815 CvCapture_MSMF::grabFrame videoio(MSMF): can't grab frame. Error: -1072875819
[ WARN:1@94.739] global cap_msmf.cpp:1815 CvCapture_MSMF::grabFrame videoio(MSMF): can't grab frame. Error: -1072875819
[ WARN:1@94.839] global cap_msmf.cpp:1815 CvCapture_MSMF::grabFrame videoio(MSMF): can't grab frame. Error: -1072875819
[ WARN:1@94.940] global cap_msmf.cpp:1815 CvCapture_MSMF::grabFrame videoio(MSMF): can't grab frame. Error: -1072875819
[ WARN:1@95.040] global cap_msmf.cpp:1815 CvCapture_MSMF::grabFrame videoio(MSMF): can't grab frame. Error: -1072875819
[ WARN:1@95.140] global cap_msmf.cpp:1815 CvCapture_MSMF::grabFrame videoio(MSMF): can't grab frame. Error: -1072875819
[ WARN:1@95.241] global cap_msmf.cpp:1815 CvCapture_MSMF::grabFrame videoio(MSMF): can't grab frame. Error: -1072875819
[ WARN:1@95.341] global cap_msmf.cpp:1815 CvCapture_MSMF::grabFrame videoio(MSMF): can't grab frame. Error: -1072875819
[ WARN:1@95.441] global cap_msmf.cpp:1815 CvCapture_MSMF::grabFrame videoio(MSMF): can't grab frame. Error: -1072875819
[ WARN:1@95.542] global cap_msmf.cpp:1815 CvCapture_MSMF::grabFrame videoio(MSMF): can't grab frame. Error: -1072875819
[ WARN:1@95.642] global cap_msmf.cpp:1815 CvCapture_MSMF::grabFrame videoio(MSMF): can't grab frame. Error: -1072875819
[ WARN:1@95.743] global cap_msmf.cpp:1815 CvCapture_MSMF::grabFrame videoio(MSMF): can't grab frame. Error: -1072875819
[ WARN:1@95.843] global cap_msmf.cpp:1815 CvCapture_MSMF::grabFrame videoio(MSMF): can't grab frame. Error: -1072875819
[ WARN:1@95.944] global cap_msmf.cpp:1815 CvCapture_MSMF::grabFrame videoio(MSMF): can't grab frame. Error: -1072875819
[ WARN:1@96.044] global cap_msmf.cpp:1815 CvCapture_MSMF::grabFrame videoio(MSMF): can't grab frame. Error: -1072875819
[ WARN:1@96.144] global cap_msmf.cpp:1815 CvCapture_MSMF::grabFrame videoio(MSMF): can't grab frame. Error: -1072875819
[ WARN:1@96.244] global cap_msmf.cpp:1815 CvCapture_MSMF::grabFrame videoio(MSMF): can't grab frame. Error: -1072875819
[ WARN:1@96.345] global cap_msmf.cpp:1815 CvCapture_MSMF::grabFrame videoio(MSMF): can't grab frame. Error: -1072875819
[ WARN:1@96.445] global cap_msmf.cpp:1815 CvCapture_MSMF::grabFrame videoio(MSMF): can't grab frame. Error: -1072875819
[ WARN:1@96.545] global cap_msmf.cpp:1815 CvCapture_MSMF::grabFrame videoio(MSMF): can't grab frame. Error: -1072875819
[ WARN:1@96.645] global cap_msmf.cpp:1815 CvCapture_MSMF::grabFrame videoio(MSMF): can't grab frame. Error: -1072875819
[ WARN:1@96.746] global cap_msmf.cpp:1815 CvCapture_MSMF::grabFrame videoio(MSMF): can't grab frame. Error: -1072875819
[ WARN:1@96.847] global cap_msmf.cpp:1815 CvCapture_MSMF::grabFrame videoio(MSMF): can't grab frame. Error: -1072875819
[ WARN:1@96.947] global cap_msmf.cpp:1815 CvCapture_MSMF::grabFrame videoio(MSMF): can't grab frame. Error: -1072875819
[ WARN:1@97.047] global cap_msmf.cpp:1815 CvCapture_MSMF::grabFrame videoio(MSMF): can't grab frame. Error: -1072875819
[ WARN:1@97.148] global cap_msmf.cpp:1815 CvCapture_MSMF::grabFrame videoio(MSMF): can't grab frame. Error: -1072875819
[ WARN:1@97.248] global cap_msmf.cpp:1815 CvCapture_MSMF::grabFrame videoio(MSMF): can't grab frame. Error: -1072875819
[ WARN:1@97.349] global cap_msmf.cpp:1815 CvCapture_MSMF::grabFrame videoio(MSMF): can't grab frame. Error: -1072875819
[ WARN:1@97.449] global cap_msmf.cpp:1815 CvCapture_MSMF::grabFrame videoio(MSMF): can't grab frame. Error: -1072875819
[ WARN:1@97.550] global cap_msmf.cpp:1815 CvCapture_MSMF::grabFrame videoio(MSMF): can't grab frame. Error: -1072875819
[ WARN:1@97.650] global cap_msmf.cpp:1815 CvCapture_MSMF::grabFrame videoio(MSMF): can't grab frame. Error: -1072875819
[ WARN:1@97.750] global cap_msmf.cpp:1815 CvCapture_MSMF::grabFrame videoio(MSMF): can't grab frame. Error: -1072875819
[ WARN:1@97.851] global cap_msmf.cpp:1815 CvCapture_MSMF::grabFrame videoio(MSMF): can't grab frame. Error: -1072875819
[ WARN:1@97.951] global cap_msmf.cpp:1815 CvCapture_MSMF::grabFrame videoio(MSMF): can't grab frame. Error: -1072875819
[ WARN:1@98.052] global cap_msmf.cpp:1815 CvCapture_MSMF::grabFrame videoio(MSMF): can't grab frame. Error: -1072875819
[ WARN:1@98.152] global cap_msmf.cpp:1815 CvCapture_MSMF::grabFrame videoio(MSMF): can't grab frame. Error: -1072875819
[ WARN:1@98.252] global cap_msmf.cpp:1815 CvCapture_MSMF::grabFrame videoio(MSMF): can't grab frame. Error: -1072875819
[ WARN:1@98.353] global cap_msmf.cpp:1815 CvCapture_MSMF::grabFrame videoio(MSMF): can't grab frame. Error: -1072875819
[ WARN:1@98.453] global cap_msmf.cpp:1815 CvCapture_MSMF::grabFrame videoio(MSMF): can't grab frame. Error: -1072875819
[ WARN:1@98.554] global cap_msmf.cpp:1815 CvCapture_MSMF::grabFrame videoio(MSMF): can't grab frame. Error: -1072875819
[ WARN:1@98.654] global cap_msmf.cpp:1815 CvCapture_MSMF::grabFrame videoio(MSMF): can't grab frame. Error: -1072875819
[ WARN:1@98.755] global cap_msmf.cpp:1815 CvCapture_MSMF::grabFrame videoio(MSMF): can't grab frame. Error: -1072875819
[ WARN:1@98.855] global cap_msmf.cpp:1815 CvCapture_MSMF::grabFrame videoio(MSMF): can't grab frame. Error: -1072875819
[ WARN:1@98.955] global cap_msmf.cpp:1815 CvCapture_MSMF::grabFrame videoio(MSMF): can't grab frame. Error: -1072875819
[ WARN:1@99.056] global cap_msmf.cpp:1815 CvCapture_MSMF::grabFrame videoio(MSMF): can't grab frame. Error: -1072875819
[ WARN:1@99.156] global cap_msmf.cpp:1815 CvCapture_MSMF::grabFrame videoio(MSMF): can't grab frame. Error: -1072875819
[ WARN:1@99.257] global cap_msmf.cpp:1815 CvCapture_MSMF::grabFrame videoio(MSMF): can't grab frame. Error: -1072875819
[ WARN:1@99.357] global cap_msmf.cpp:1815 CvCapture_MSMF::grabFrame videoio(MSMF): can't grab frame. Error: -1072875819
[ WARN:1@99.457] global cap_msmf.cpp:1815 CvCapture_MSMF::grabFrame videoio(MSMF): can't grab frame. Error: -1072875819
[ WARN:1@99.558] global cap_msmf.cpp:1815 CvCapture_MSMF::grabFrame videoio(MSMF): can't grab frame. Error: -1072875819
[ WARN:1@99.658] global cap_msmf.cpp:1815 CvCapture_MSMF::grabFrame videoio(MSMF): can't grab frame. Error: -1072875819
[ WARN:1@99.759] global cap_msmf.cpp:1815 CvCapture_MSMF::grabFrame videoio(MSMF): can't grab frame. Error: -1072875819
[ WARN:1@99.859] global cap_msmf.cpp:1815 CvCapture_MSMF::grabFrame videoio(MSMF): can't grab frame. Error: -1072875819
[ WARN:1@99.960] global cap_msmf.cpp:1815 CvCapture_MSMF::grabFrame videoio(MSMF): can't grab frame. Error: -1072875819
[ WARN:1@100.061] global cap_msmf.cpp:1815 CvCapture_MSMF::grabFrame videoio(MSMF): can't grab frame. Error: -1072875819
[ WARN:1@100.161] global cap_msmf.cpp:1815 CvCapture_MSMF::grabFrame videoio(MSMF): can't grab frame. Error: -1072875819
[ WARN:1@100.261] global cap_msmf.cpp:1815 CvCapture_MSMF::grabFrame videoio(MSMF): can't grab frame. Error: -1072875819
[ WARN:1@100.362] global cap_msmf.cpp:1815 CvCapture_MSMF::grabFrame videoio(MSMF): can't grab frame. Error: -1072875819
[ WARN:1@100.462] global cap_msmf.cpp:1815 CvCapture_MSMF::grabFrame videoio(MSMF): can't grab frame. Error: -1072875819
[ WARN:1@100.563] global cap_msmf.cpp:1815 CvCapture_MSMF::grabFrame videoio(MSMF): can't grab frame. Error: -1072875819
[ WARN:1@100.663] global cap_msmf.cpp:1815 CvCapture_MSMF::grabFrame videoio(MSMF): can't grab frame. Error: -1072875819
[ WARN:1@100.763] global cap_msmf.cpp:1815 CvCapture_MSMF::grabFrame videoio(MSMF): can't grab frame. Error: -1072875819
[ WARN:1@100.863] global cap_msmf.cpp:1815 CvCapture_MSMF::grabFrame videoio(MSMF): can't grab frame. Error: -1072875819
[ WARN:1@100.964] global cap_msmf.cpp:1815 CvCapture_MSMF::grabFrame videoio(MSMF): can't grab frame. Error: -1072875819
[ WARN:1@101.064] global cap_msmf.cpp:1815 CvCapture_MSMF::grabFrame videoio(MSMF): can't grab frame. Error: -1072875819
[ WARN:1@101.165] global cap_msmf.cpp:1815 CvCapture_MSMF::grabFrame videoio(MSMF): can't grab frame. Error: -1072875819
[ WARN:1@101.265] global cap_msmf.cpp:1815 CvCapture_MSMF::grabFrame videoio(MSMF): can't grab frame. Error: -1072875819
[ WARN:1@101.366] global cap_msmf.cpp:1815 CvCapture_MSMF::grabFrame videoio(MSMF): can't grab frame. Error: -1072875819
[ WARN:1@101.466] global cap_msmf.cpp:1815 CvCapture_MSMF::grabFrame videoio(MSMF): can't grab frame. Error: -1072875819
[ WARN:1@101.567] global cap_msmf.cpp:1815 CvCapture_MSMF::grabFrame videoio(MSMF): can't grab frame. Error: -1072875819
[ WARN:1@101.668] global cap_msmf.cpp:1815 CvCapture_MSMF::grabFrame videoio(MSMF): can't grab frame. Error: -1072875819
[ WARN:1@101.768] global cap_msmf.cpp:1815 CvCapture_MSMF::grabFrame videoio(MSMF): can't grab frame. Error: -1072875819
[ WARN:1@101.868] global cap_msmf.cpp:1815 CvCapture_MSMF::grabFrame videoio(MSMF): can't grab frame. Error: -1072875819
[ WARN:1@101.969] global cap_msmf.cpp:1815 CvCapture_MSMF::grabFrame videoio(MSMF): can't grab frame. Error: -1072875819
[ WARN:1@102.069] global cap_msmf.cpp:1815 CvCapture_MSMF::grabFrame videoio(MSMF): can't grab frame. Error: -1072875819
[ WARN:1@102.169] global cap_msmf.cpp:1815 CvCapture_MSMF::grabFrame videoio(MSMF): can't grab frame. Error: -1072875819
[ WARN:1@102.270] global cap_msmf.cpp:1815 CvCapture_MSMF::grabFrame videoio(MSMF): can't grab frame. Error: -1072875819
[ WARN:1@102.370] global cap_msmf.cpp:1815 CvCapture_MSMF::grabFrame videoio(MSMF): can't grab frame. Error: -1072875819
[ WARN:1@102.471] global cap_msmf.cpp:1815 CvCapture_MSMF::grabFrame videoio(MSMF): can't grab frame. Error: -1072875819
[ WARN:1@102.571] global cap_msmf.cpp:1815 CvCapture_MSMF::grabFrame videoio(MSMF): can't grab frame. Error: -1072875819
2026-04-14 00:45:05,726 [INFO] gesture.worker: Camera did not deliver frames — releasing and retrying in 3 s...
2026-04-14 00:45:09,228 [INFO] gesture.worker: Camera could not deliver frames after 3 attempts.
2026-04-14 00:45:09,228 [INFO] gesture: Gesture reader thread exiting.
INFO:     127.0.0.1:61943 - "GET / HTTP/1.1" 404 Not Found
INFO:     127.0.0.1:61943 - "GET /favicon.ico HTTP/1.1" 404 Not Found
